<?xml version="1.0" encoding="utf-8"?><testsuites name="pytest tests"><testsuite name="pytest" errors="0" failures="0" skipped="0" tests="18" time="11.528" timestamp="2026-08-19T22:41:53.903560+00:00" hostname="agent-env-8f0ffb81-aa1c-4ac9-9500-b58c7cf82715"><testcase classname="tests.test_marketplace_api.TestApps" name="test_list_apps" time="0.685" /><testcase classname="tests.test_marketplace_api.TestAuth" name="test_login_success" time="0.684" /><testcase classname="tests.test_marketplace_api.TestApps" name="test_stats" time="0.271" /><testcase classname="tests.test_marketplace_api.TestAuth" name="test_login_wrong_password" time="0.272" /><testcase classname="tests.test_marketplace_api.TestApps" name="test_search_filter" time="0.046" /><testcase classname="tests.test_marketplace_api.TestApps" name="test_category_filter" time="0.229" /><testcase classname="tests.test_marketplace_api.TestAuth" name="test_me_with_bearer" time="0.318" /><testcase classname="tests.test_marketplace_api.TestApps" name="test_get_app_by_id" time="0.101" /><testcase classname="tests.test_marketplace_api.TestAuth" name="test_me_without_token" time="0.161" /><testcase classname="tests.test_marketplace_api.TestApps" name="test_get_app_404" time="0.050" /><testcase classname="tests.test_marketplace_api.TestAuthProtection" name="test_create_requires_auth" time="0.261" /><testcase classname="tests.test_marketplace_api.TestCRUD" name="test_create_app" time="0.388" /><testcase classname="tests.test_marketplace_api.TestAuthProtection" name="test_update_requires_auth" time="0.197" /><testcase classname="tests.test_marketplace_api.TestCRUD" name="test_update_app" time="0.099" /><testcase classname="tests.test_marketplace_api.TestCRUD" name="test_delete_app" time="0.097" /><testcase classname="tests.test_marketplace_api.TestAuthProtection" name="test_delete_requires_auth" time="0.121" /><testcase classname="tests.test_marketplace_api.TestAIAutofill" name="test_autofill_airtable" time="8.640" /><testcase classname="tests.test_marketplace_api.TestAuthProtection" name="test_autofill_requires_auth" time="0.229" /></testsuite></testsuites>